Build started 5/20/2013 1:36:34 PM.
     1>Project "C:\Users\Ezra\Desktop\Dir\Pwnee\CK\Dev Tools\CloudberryLoader\CloudberryLoader\CloudberryLoader.vcxproj" on node 2 (build target(s)).
     1>InitializeBuildStatus:
         Creating "Debug\CloudberryLoader.unsuccessfulbuild" because "AlwaysCreate" was specified.
       ClCompile:
         All outputs are up-to-date.
         C:\Program Files (x86)\Microsoft Visual Studio 10.0\VC\bin\CL.exe /c /ZI /nologo /W3 /WX- /Od /Oy- /D WIN32 /D _DEBUG /D _CONSOLE /D _UNICODE /D UNICODE /Gm /EHsc /RTC1 /MDd /GS /fp:precise /Zc:wchar_t /Zc:forScope /Yu"StdAfx.h" /Fp"Debug\CloudberryLoader.pch" /Fo"Debug\\" /Fd"Debug\vc100.pdb" /Gd /TP /analyze- /errorReport:prompt CloudberryLoader.cpp
         CloudberryLoader.cpp
       ManifestResourceCompile:
         All outputs are up-to-date.
       Link:
         C:\Program Files (x86)\Microsoft Visual Studio 10.0\VC\bin\link.exe /ERRORREPORT:PROMPT /OUT:"C:\Users\Ezra\Desktop\Dir\Pwnee\CK\Dev Tools\CloudberryLoader\Debug\CloudberryLoader.exe" /INCREMENTAL /NOLOGO kernel32.lib user32.lib gdi32.lib winspool.lib comdlg32.lib advapi32.lib shell32.lib ole32.lib oleaut32.lib uuid.lib odbc32.lib odbccp32.lib /MANIFEST /ManifestFile:"Debug\CloudberryLoader.exe.intermediate.manifest" /MANIFESTUAC:"level='asInvoker' uiAccess='false'" /DEBUG /PDB:"C:\Users\Ezra\Desktop\Dir\Pwnee\CK\Dev Tools\CloudberryLoader\Debug\CloudberryLoader.pdb" /SUBSYSTEM:CONSOLE /TLBID:1 /DYNAMICBASE /NXCOMPAT /IMPLIB:"C:\Users\Ezra\Desktop\Dir\Pwnee\CK\Dev Tools\CloudberryLoader\Debug\CloudberryLoader.lib" /MACHINE:X86 Debug\CloudberryLoader.exe.embed.manifest.res
         Debug\CloudberryLoader.obj
         Debug\stdafx.obj
       Manifest:
         C:\Program Files (x86)\Microsoft SDKs\Windows\v7.0A\bin\mt.exe /nologo /verbose /out:"Debug\CloudberryLoader.exe.embed.manifest" /manifest Debug\CloudberryLoader.exe.intermediate.manifest
         All outputs are up-to-date.
       LinkEmbedManifest:
         All outputs are up-to-date.
         CloudberryLoader.vcxproj -> C:\Users\Ezra\Desktop\Dir\Pwnee\CK\Dev Tools\CloudberryLoader\Debug\CloudberryLoader.exe
       FinalizeBuildStatus:
         Deleting file "Debug\CloudberryLoader.unsuccessfulbuild".
         Touching "Debug\CloudberryLoader.lastbuildstate".
     1>Done Building Project "C:\Users\Ezra\Desktop\Dir\Pwnee\CK\Dev Tools\CloudberryLoader\CloudberryLoader\CloudberryLoader.vcxproj" (build target(s)).

Build succeeded.

Time Elapsed 00:00:00.75
