Build started 6/20/2012 3:03:50 AM.
     1>Project "C:\Users\Ez\Desktop\CkLoader\CkLoader\CkLoader.vcxproj" on node 2 (build target(s)).
     1>InitializeBuildStatus:
         Creating "Debug\CkLoader.unsuccessfulbuild" because "AlwaysCreate" was specified.
       ClCompile:
         c:\Program Files (x86)\Microsoft Visual Studio 10.0\VC\bin\CL.exe /c /ZI /nologo /W3 /WX- /Od /Oy- /D WIN32 /D _DEBUG /D _WINDOWS /D _UNICODE /D UNICODE /Gm /EHsc /RTC1 /MDd /GS /fp:precise /Zc:wchar_t /Zc:forScope /Yu"StdAfx.h" /Fp"Debug\CkLoader.pch" /Fo"Debug\\" /Fd"Debug\vc100.pdb" /Gd /TP /analyze- /errorReport:prompt CkLoader.cpp
         CkLoader.cpp
       ManifestResourceCompile:
         All outputs are up-to-date.
       Link:
         c:\Program Files (x86)\Microsoft Visual Studio 10.0\VC\bin\link.exe /ERRORREPORT:PROMPT /OUT:"C:\Users\Ez\Desktop\CkLoader\Debug\CkLoader.exe" /INCREMENTAL /NOLOGO kernel32.lib user32.lib gdi32.lib winspool.lib comdlg32.lib advapi32.lib shell32.lib ole32.lib oleaut32.lib uuid.lib odbc32.lib odbccp32.lib /MANIFEST /ManifestFile:"Debug\CkLoader.exe.intermediate.manifest" /MANIFESTUAC:"level='asInvoker' uiAccess='false'" /DEBUG /PDB:"C:\Users\Ez\Desktop\CkLoader\Debug\CkLoader.pdb" /SUBSYSTEM:WINDOWS /TLBID:1 /DYNAMICBASE /NXCOMPAT /IMPLIB:"C:\Users\Ez\Desktop\CkLoader\Debug\CkLoader.lib" /MACHINE:X86 Debug\CkLoader.exe.embed.manifest.res
         Debug\CkLoader.obj
       Manifest:
         C:\Program Files (x86)\Microsoft SDKs\Windows\v7.0A\bin\mt.exe /nologo /verbose /out:"Debug\CkLoader.exe.embed.manifest" /manifest Debug\CkLoader.exe.intermediate.manifest
         All outputs are up-to-date.
       LinkEmbedManifest:
         All outputs are up-to-date.
         CkLoader.vcxproj -> C:\Users\Ez\Desktop\CkLoader\Debug\CkLoader.exe
       FinalizeBuildStatus:
         Deleting file "Debug\CkLoader.unsuccessfulbuild".
         Touching "Debug\CkLoader.lastbuildstate".
     1>Done Building Project "C:\Users\Ez\Desktop\CkLoader\CkLoader\CkLoader.vcxproj" (build target(s)).

Build succeeded.

Time Elapsed 00:00:04.22
