Build started 7/25/2013 6:53:01 PM.
     1>Project "C:\Users\Ezra\Desktop\Dir\Pwnee\CK\Source\Cloudberry Kingdom\Additional Forms\CloudberryLoader\CloudberryLoader\CloudberryLoader.vcxproj" on node 2 (build target(s)).
     1>InitializeBuildStatus:
         Creating "Release\CloudberryLoader.unsuccessfulbuild" because "AlwaysCreate" was specified.
       ClCompile:
         C:\Program Files (x86)\Microsoft Visual Studio 10.0\VC\bin\CL.exe /c /Zi /nologo /W3 /WX- /O2 /Oi /Oy- /GL /D WIN32 /D NDEBUG /D _CONSOLE /D _UNICODE /D UNICODE /Gm- /EHsc /MT /GS /Gy /fp:precise /Zc:wchar_t /Zc:forScope /Yc"StdAfx.h" /Fp"Release\CloudberryLoader.pch" /Fo"Release\\" /Fd"Release\vc100.pdb" /Gd /TP /analyze- /errorReport:prompt stdafx.cpp
         stdafx.cpp
         C:\Program Files (x86)\Microsoft Visual Studio 10.0\VC\bin\CL.exe /c /Zi /nologo /W3 /WX- /O2 /Oi /Oy- /GL /D WIN32 /D NDEBUG /D _CONSOLE /D _UNICODE /D UNICODE /Gm- /EHsc /MT /GS /Gy /fp:precise /Zc:wchar_t /Zc:forScope /Yu"StdAfx.h" /Fp"Release\CloudberryLoader.pch" /Fo"Release\\" /Fd"Release\vc100.pdb" /Gd /TP /analyze- /errorReport:prompt CloudberryLoader.cpp
         CloudberryLoader.cpp
       Link:
         C:\Program Files (x86)\Microsoft Visual Studio 10.0\VC\bin\link.exe /ERRORREPORT:PROMPT /OUT:"C:\Users\Ezra\Desktop\Dir\Pwnee\CK\Source\Cloudberry Kingdom\Additional Forms\CloudberryLoader\Release\CloudberryLoader.exe" /INCREMENTAL:NO /NOLOGO kernel32.lib user32.lib gdi32.lib winspool.lib comdlg32.lib advapi32.lib shell32.lib ole32.lib oleaut32.lib uuid.lib odbc32.lib odbccp32.lib /MANIFEST /ManifestFile:"Release\CloudberryLoader.exe.intermediate.manifest" /MANIFESTUAC:"level='asInvoker' uiAccess='false'" /DEBUG /PDB:"C:\Users\Ezra\Desktop\Dir\Pwnee\CK\Source\Cloudberry Kingdom\Additional Forms\CloudberryLoader\Release\CloudberryLoader.pdb" /SUBSYSTEM:CONSOLE /OPT:REF /OPT:ICF /LTCG /TLBID:1 /DYNAMICBASE /NXCOMPAT /IMPLIB:"C:\Users\Ezra\Desktop\Dir\Pwnee\CK\Source\Cloudberry Kingdom\Additional Forms\CloudberryLoader\Release\CloudberryLoader.lib" /MACHINE:X86 Release\CloudberryLoader.obj
         Release\stdafx.obj
         Generating code
         Finished generating code
         CloudberryLoader.vcxproj -> C:\Users\Ezra\Desktop\Dir\Pwnee\CK\Source\Cloudberry Kingdom\Additional Forms\CloudberryLoader\Release\CloudberryLoader.exe
       Manifest:
         C:\Program Files (x86)\Microsoft SDKs\Windows\v7.0A\bin\mt.exe /nologo /verbose /outputresource:"C:\Users\Ezra\Desktop\Dir\Pwnee\CK\Source\Cloudberry Kingdom\Additional Forms\CloudberryLoader\Release\CloudberryLoader.exe;#1" /manifest Release\CloudberryLoader.exe.intermediate.manifest
       FinalizeBuildStatus:
         Deleting file "Release\CloudberryLoader.unsuccessfulbuild".
         Touching "Release\CloudberryLoader.lastbuildstate".
     1>Done Building Project "C:\Users\Ezra\Desktop\Dir\Pwnee\CK\Source\Cloudberry Kingdom\Additional Forms\CloudberryLoader\CloudberryLoader\CloudberryLoader.vcxproj" (build target(s)).

Build succeeded.

Time Elapsed 00:00:02.51
